<?xml version="1.0" encoding="UTF-8"?>
<testng-results ignored="0" total="2" passed="2" failed="0" skipped="0">
  <reporter-output>
  </reporter-output>
  <suite started-at="2023-02-02T12:16:20 IST" name="Default suite" finished-at="2023-02-02T12:16:22 IST" duration-ms="1718">
    <groups>
    </groups>
    <test started-at="2023-02-02T12:16:20 IST" name="Default test" finished-at="2023-02-02T12:16:22 IST" duration-ms="1718">
      <class name="files.DynamicJson">
        <test-method signature="addBook(java.lang.String,java.lang.String)[pri:0, instance:files.DynamicJson@16610890]" started-at="2023-02-02T12:16:20 IST" name="addBook" data-provider="BookData" finished-at="2023-02-02T12:16:22 IST" duration-ms="1529" status="PASS">
          <params>
            <param index="0">
              <value>
                <![CDATA[qwert]]>
              </value>
            </param>
            <param index="1">
              <value>
                <![CDATA[123321]]>
              </value>
            </param>
          </params>
          <reporter-output>
          </reporter-output>
        </test-method> <!-- addBook -->
        <test-method signature="addBook(java.lang.String,java.lang.String)[pri:0, instance:files.DynamicJson@16610890]" started-at="2023-02-02T12:16:22 IST" name="addBook" data-provider="BookData" finished-at="2023-02-02T12:16:22 IST" duration-ms="154" status="PASS">
          <params>
            <param index="0">
              <value>
                <![CDATA[poiuy]]>
              </value>
            </param>
            <param index="1">
              <value>
                <![CDATA[09786]]>
              </value>
            </param>
          </params>
          <reporter-output>
          </reporter-output>
        </test-method> <!-- addBook -->
      </class> <!-- files.DynamicJson -->
    </test> <!-- Default test -->
  </suite> <!-- Default suite -->
</testng-results>
